time="2022-04-05T22:11:15+03:00" level=info msg="NRF version:  \n\tNot specify ldflags (which link version) during go build\n\tgo version: go1.14.4 linux/amd64" category=App component=NRF
time="2022-04-05T22:11:15+03:00" level=info msg="NRF Log level is set to [info] level" category=Init component=NRF
time="2022-04-05T22:11:15+03:00" level=info msg="set log level : info" category=OAPI component=LIB
time="2022-04-05T22:11:15+03:00" level=info msg="set report call : false" category=OAPI component=LIB
time="2022-04-05T22:11:15+03:00" level=info msg="set log level : info" category=MonDB component=LIB
time="2022-04-05T22:11:15+03:00" level=info msg="set report call : false" category=MonDB component=LIB
time="2022-04-05T22:11:15+03:00" level=info msg="config version [1.0.0]" category=CFG component=NRF
time="2022-04-05T22:11:15+03:00" level=info msg="Server started" category=Init component=NRF
time="2022-04-05T22:11:15+03:00" level=info msg="nrfconfig Info: Version[1.0.0] Description[NRF initial local configuration]" category=Init component=NRF
time="2022-04-05T22:11:15+03:00" level=info msg="Binding addr: [127.0.0.10:8000]" category=Init component=NRF
time="2022-04-05T22:12:26+03:00" level=info msg=amf category=App component=AMF
time="2022-04-05T22:12:26+03:00" level=info msg="AMF version:  \n\tNot specify ldflags (which link version) during go build\n\tgo version: go1.14.4 linux/amd64" category=App component=AMF
time="2022-04-05T22:12:26+03:00" level=info msg="AMF Log level is set to [info] level" category=Init component=AMF
time="2022-04-05T22:12:26+03:00" level=info msg="set log level : info" category=NAS component=LIB
time="2022-04-05T22:12:26+03:00" level=info msg="set report call : false" category=NAS component=LIB
time="2022-04-05T22:12:26+03:00" level=info msg="set log level : info" category=NGAP component=LIB
time="2022-04-05T22:12:26+03:00" level=info msg="set report call : false" category=NGAP component=LIB
time="2022-04-05T22:12:26+03:00" level=info msg="set log level : info" category=FSM component=LIB
time="2022-04-05T22:12:26+03:00" level=info msg="set report call : false" category=FSM component=LIB
time="2022-04-05T22:12:26+03:00" level=info msg="set log level : info" category=Aper component=LIB
time="2022-04-05T22:12:26+03:00" level=info msg="set report call : false" category=Aper component=LIB
time="2022-04-05T22:12:26+03:00" level=info msg="set log level : info" category=OAPI component=LIB
time="2022-04-05T22:12:26+03:00" level=info msg="set report call : false" category=OAPI component=LIB
time="2022-04-05T22:12:26+03:00" level=info msg="config version [1.0.2]" category=CFG component=AMF
time="2022-04-05T22:12:26+03:00" level=info msg="Server started" category=Init component=AMF
time="2022-04-05T22:12:26+03:00" level=info msg="amfconfig Info: Version[1.0.2] Description[AMF initial local configuration]" category=Util component=AMF
time="2022-04-05T22:12:26+03:00" level=info msg="Handle NFRegisterRequest" category=MGMT component=NRF
time="2022-04-05T22:12:26+03:00" level=info msg="Listen on 127.0.0.1:38412" category=NGAP component=AMF
time="2022-04-05T22:12:26+03:00" level=info msg="urilist create" category=MGMT component=NRF
time="2022-04-05T22:12:26+03:00" level=info msg="Create NF Profile" category=MGMT component=NRF
time="2022-04-05T22:12:26+03:00" level=info msg="Location header:  http://127.0.0.10:8000/nnrf-nfm/v1/nf-instances/51fd20a4-d156-4485-98b6-e5e99f60d052" category=MGMT component=NRF
time="2022-04-05T22:12:26+03:00" level=info msg="| 201 |       127.0.0.1 | PUT     | /nnrf-nfm/v1/nf-instances/51fd20a4-d156-4485-98b6-e5e99f60d052 | " category=GIN component=NRF
time="2022-04-05T22:12:35+03:00" level=info msg="Terminating AMF..." category=Init component=AMF
time="2022-04-05T22:12:35+03:00" level=info msg="[AMF] Send Deregister NFInstance" category=Consumer component=AMF
time="2022-04-05T22:12:35+03:00" level=info msg="Handle NFDeregisterRequest" category=MGMT component=NRF
time="2022-04-05T22:12:36+03:00" level=info msg="| 204 |       127.0.0.1 | DELETE  | /nnrf-nfm/v1/nf-instances/51fd20a4-d156-4485-98b6-e5e99f60d052 | " category=GIN component=NRF
time="2022-04-05T22:12:36+03:00" level=info msg="[AMF] Deregister from NRF successfully" category=Init component=AMF
time="2022-04-05T22:12:36+03:00" level=info msg="Send AMF Status Indication to Notify RANs due to AMF terminating" category=Init component=AMF
time="2022-04-05T22:12:36+03:00" level=info msg="Close SCTP server..." category=NGAP component=AMF
time="2022-04-05T22:12:36+03:00" level=info msg="SCTP server closed" category=NGAP component=AMF
time="2022-04-05T22:12:36+03:00" level=info msg="AMF terminated" category=Init component=AMF
time="2022-04-05T22:13:47+03:00" level=info msg="NSSF version:  \n\tNot specify ldflags (which link version) during go build\n\tgo version: go1.14.4 linux/amd64" category=App component=NSSF
time="2022-04-05T22:13:48+03:00" level=info msg="NSSF Log level is set to [info] level" category=Init component=NSSF
time="2022-04-05T22:13:48+03:00" level=info msg="set log level : info" category=OAPI component=LIB
time="2022-04-05T22:13:48+03:00" level=info msg="set report call : false" category=OAPI component=LIB
time="2022-04-05T22:13:48+03:00" level=info msg="config version [1.0.0]" category=CFG component=NSSF
time="2022-04-05T22:13:48+03:00" level=info msg="Server started" category=Init component=NSSF
time="2022-04-05T22:13:48+03:00" level=info msg="Handle NFRegisterRequest" category=MGMT component=NRF
time="2022-04-05T22:13:48+03:00" level=info msg="urilist create" category=MGMT component=NRF
time="2022-04-05T22:13:48+03:00" level=info msg="Create NF Profile" category=MGMT component=NRF
time="2022-04-05T22:13:48+03:00" level=info msg="Location header:  http://127.0.0.10:8000/nnrf-nfm/v1/nf-instances/b0ccee8a-2895-42e3-9fe8-0c28c5097aab" category=MGMT component=NRF
time="2022-04-05T22:13:48+03:00" level=info msg="| 201 |       127.0.0.1 | PUT     | /nnrf-nfm/v1/nf-instances/b0ccee8a-2895-42e3-9fe8-0c28c5097aab | " category=GIN component=NRF
time="2022-04-05T22:13:59+03:00" level=info msg="Terminating NSSF..." category=Init component=NSSF
time="2022-04-05T22:13:59+03:00" level=info msg="Send Deregister NFInstance" category=App component=NSSF
time="2022-04-05T22:13:59+03:00" level=info msg="Handle NFDeregisterRequest" category=MGMT component=NRF
time="2022-04-05T22:14:00+03:00" level=info msg="| 204 |       127.0.0.1 | DELETE  | /nnrf-nfm/v1/nf-instances/b0ccee8a-2895-42e3-9fe8-0c28c5097aab | " category=GIN component=NRF
time="2022-04-05T22:14:00+03:00" level=info msg="Deregister from NRF successfully" category=Init component=NSSF
time="2022-04-05T22:14:00+03:00" level=info msg="NSSF terminated" category=Init component=NSSF
time="2022-04-05T22:14:41+03:00" level=info msg="AUSF version:  \n\tNot specify ldflags (which link version) during go build\n\tgo version: go1.14.4 linux/amd64" category=App component=AUSF
time="2022-04-05T22:14:41+03:00" level=info msg="AUSF Log level is set to [info] level" category=Init component=AUSF
time="2022-04-05T22:14:41+03:00" level=info msg="set log level : info" category=OAPI component=LIB
time="2022-04-05T22:14:41+03:00" level=info msg="set report call : false" category=OAPI component=LIB
time="2022-04-05T22:14:41+03:00" level=info msg="config version [1.0.0]" category=CFG component=AUSF
time="2022-04-05T22:14:41+03:00" level=info msg="Server started" category=Init component=AUSF
time="2022-04-05T22:14:41+03:00" level=info msg="ausfconfig Info: Version[1.0.0] Description[AUSF initial local configuration]\n" category=Init component=AUSF
time="2022-04-05T22:14:41+03:00" level=info msg="Handle NFRegisterRequest" category=MGMT component=NRF
time="2022-04-05T22:14:41+03:00" level=info msg="urilist create" category=MGMT component=NRF
time="2022-04-05T22:14:41+03:00" level=info msg="Create NF Profile" category=MGMT component=NRF
time="2022-04-05T22:14:41+03:00" level=info msg="Location header:  http://127.0.0.10:8000/nnrf-nfm/v1/nf-instances/719d9970-4c18-429e-95f6-272d57a5b56d" category=MGMT component=NRF
time="2022-04-05T22:14:41+03:00" level=info msg="| 201 |       127.0.0.1 | PUT     | /nnrf-nfm/v1/nf-instances/719d9970-4c18-429e-95f6-272d57a5b56d | " category=GIN component=NRF
time="2022-04-05T22:14:42+03:00" level=info msg="Terminating AUSF..." category=Init component=AUSF
time="2022-04-05T22:14:42+03:00" level=info msg="Send Deregister NFInstance" category=App component=AUSF
time="2022-04-05T22:14:42+03:00" level=info msg="Handle NFDeregisterRequest" category=MGMT component=NRF
time="2022-04-05T22:14:43+03:00" level=info msg="| 204 |       127.0.0.1 | DELETE  | /nnrf-nfm/v1/nf-instances/719d9970-4c18-429e-95f6-272d57a5b56d | " category=GIN component=NRF
time="2022-04-05T22:14:43+03:00" level=info msg="Deregister from NRF successfully" category=Init component=AUSF
time="2022-04-05T22:14:43+03:00" level=info msg="AUSF terminated" category=Init component=AUSF
time="2022-04-05T22:17:04+03:00" level=info msg="PCF version:  \n\tNot specify ldflags (which link version) during go build\n\tgo version: go1.14.4 linux/amd64" category=App component=PCF
time="2022-04-05T22:17:04+03:00" level=info msg="PCF Log level is set to [info] level" category=Init component=PCF
time="2022-04-05T22:17:04+03:00" level=info msg="set log level : info" category=OAPI component=LIB
time="2022-04-05T22:17:04+03:00" level=info msg="set report call : false" category=OAPI component=LIB
time="2022-04-05T22:17:04+03:00" level=info msg="config version [1.0.0]" category=CFG component=PCF
time="2022-04-05T22:17:04+03:00" level=info msg="Server started" category=Init component=PCF
time="2022-04-05T22:17:04+03:00" level=info msg="pcfconfig Info: Version[1.0.0] Description[PCF initial local configuration]" category=Util component=PCF
time="2022-04-05T22:17:04+03:00" level=info msg="Handle NFRegisterRequest" category=MGMT component=NRF
time="2022-04-05T22:17:04+03:00" level=info msg="urilist create" category=MGMT component=NRF
time="2022-04-05T22:17:04+03:00" level=info msg="Create NF Profile" category=MGMT component=NRF
time="2022-04-05T22:17:04+03:00" level=info msg="Location header:  http://127.0.0.10:8000/nnrf-nfm/v1/nf-instances/74da73d3-093f-4ab7-abbc-de5c2baf404a" category=MGMT component=NRF
time="2022-04-05T22:17:04+03:00" level=info msg="| 201 |       127.0.0.1 | PUT     | /nnrf-nfm/v1/nf-instances/74da73d3-093f-4ab7-abbc-de5c2baf404a | " category=GIN component=NRF
time="2022-04-05T22:17:04+03:00" level=info msg="Handle NFDiscoveryRequest" category=DSCV component=NRF
time="2022-04-05T22:17:04+03:00" level=info msg="| 200 |       127.0.0.1 | GET     | /nnrf-disc/v1/nf-instances?requester-nf-type=PCF&service-names=nudr-dr&target-nf-type=UDR | " category=GIN component=NRF
time="2022-04-05T22:17:07+03:00" level=info msg="Terminating PCF..." category=Init component=PCF
time="2022-04-05T22:17:07+03:00" level=info msg="Send Deregister NFInstance" category=Consumer component=PCF
time="2022-04-05T22:17:07+03:00" level=info msg="Handle NFDeregisterRequest" category=MGMT component=NRF
time="2022-04-05T22:17:08+03:00" level=info msg="| 204 |       127.0.0.1 | DELETE  | /nnrf-nfm/v1/nf-instances/74da73d3-093f-4ab7-abbc-de5c2baf404a | " category=GIN component=NRF
time="2022-04-05T22:17:08+03:00" level=info msg="Deregister from NRF successfully" category=Init component=PCF
time="2022-04-05T22:17:08+03:00" level=info msg="PCF terminated" category=Init component=PCF
time="2022-04-05T22:18:41+03:00" level=info msg=udr category=App component=UDR
time="2022-04-05T22:18:41+03:00" level=info msg="UDR version:  \n\tNot specify ldflags (which link version) during go build\n\tgo version: go1.14.4 linux/amd64" category=App component=UDR
time="2022-04-05T22:18:41+03:00" level=info msg="UDR Log level is set to [info] level" category=Init component=UDR
time="2022-04-05T22:18:41+03:00" level=info msg="set log level : info" category=OAPI component=LIB
time="2022-04-05T22:18:41+03:00" level=info msg="set report call : false" category=OAPI component=LIB
time="2022-04-05T22:18:41+03:00" level=info msg="set log level : info" category=MonDB component=LIB
time="2022-04-05T22:18:41+03:00" level=info msg="set report call : false" category=MonDB component=LIB
time="2022-04-05T22:18:41+03:00" level=info msg="config version [1.0.0]" category=CFG component=UDR
time="2022-04-05T22:18:41+03:00" level=info msg="UDR Config Info: Version[1.0.0] Description[UDR initial local configuration]" category=Init component=UDR
time="2022-04-05T22:18:41+03:00" level=info msg="Server started" category=Init component=UDR
time="2022-04-05T22:18:41+03:00" level=info msg="udrconfig Info: Version[1.0.0] Description[UDR initial local configuration]" category=Util component=UDR
time="2022-04-05T22:18:41+03:00" level=info msg="Handle NFRegisterRequest" category=MGMT component=NRF
time="2022-04-05T22:18:41+03:00" level=info msg="urilist create" category=MGMT component=NRF
time="2022-04-05T22:18:41+03:00" level=info msg="Create NF Profile" category=MGMT component=NRF
time="2022-04-05T22:18:41+03:00" level=info msg="Location header:  http://127.0.0.10:8000/nnrf-nfm/v1/nf-instances/9802b051-be45-433d-b566-46dd76bea69f" category=MGMT component=NRF
time="2022-04-05T22:18:41+03:00" level=info msg="| 201 |       127.0.0.1 | PUT     | /nnrf-nfm/v1/nf-instances/9802b051-be45-433d-b566-46dd76bea69f | " category=GIN component=NRF
time="2022-04-05T22:18:43+03:00" level=info msg="Terminating UDR..." category=Init component=UDR
time="2022-04-05T22:18:43+03:00" level=info msg="Send Deregister NFInstance" category=Consumer component=UDR
time="2022-04-05T22:18:43+03:00" level=info msg="Handle NFDeregisterRequest" category=MGMT component=NRF
time="2022-04-05T22:18:44+03:00" level=info msg="| 204 |       127.0.0.1 | DELETE  | /nnrf-nfm/v1/nf-instances/9802b051-be45-433d-b566-46dd76bea69f | " category=GIN component=NRF
time="2022-04-05T22:18:44+03:00" level=info msg="Deregister from NRF successfully" category=Init component=UDR
time="2022-04-05T22:18:44+03:00" level=info msg="UDR terminated" category=Init component=UDR
time="2022-04-05T22:18:49+03:00" level=info msg="UDM version:  \n\tNot specify ldflags (which link version) during go build\n\tgo version: go1.14.4 linux/amd64" category=App component=UDM
time="2022-04-05T22:18:49+03:00" level=info msg="UDM Log level is set to [info] level" category=Init component=UDM
time="2022-04-05T22:18:49+03:00" level=info msg="set log level : info" category=OAPI component=LIB
time="2022-04-05T22:18:49+03:00" level=info msg="set report call : false" category=OAPI component=LIB
time="2022-04-05T22:18:49+03:00" level=info msg="config version [1.0.1]" category=CFG component=UDM
time="2022-04-05T22:18:49+03:00" level=info msg="UDM Config Info: Version[1.0.1] Description[UDM initial local configuration]" category=Init component=UDM
time="2022-04-05T22:18:49+03:00" level=info msg="Server started" category=Init component=UDM
time="2022-04-05T22:18:49+03:00" level=info msg="udmconfig Info: Version[1.0.1] Description[UDM initial local configuration]" category=Util component=UDM
time="2022-04-05T22:18:49+03:00" level=info msg="Handle NFRegisterRequest" category=MGMT component=NRF
time="2022-04-05T22:18:49+03:00" level=info msg="urilist create" category=MGMT component=NRF
time="2022-04-05T22:18:49+03:00" level=info msg="Create NF Profile" category=MGMT component=NRF
time="2022-04-05T22:18:49+03:00" level=info msg="Location header:  http://127.0.0.10:8000/nnrf-nfm/v1/nf-instances/a7c489b6-0506-4e24-88f1-9535c000f135" category=MGMT component=NRF
time="2022-04-05T22:18:49+03:00" level=info msg="| 201 |       127.0.0.1 | PUT     | /nnrf-nfm/v1/nf-instances/a7c489b6-0506-4e24-88f1-9535c000f135 | " category=GIN component=NRF
time="2022-04-05T22:18:50+03:00" level=info msg="Terminating UDM..." category=Init component=UDM
time="2022-04-05T22:18:50+03:00" level=info msg="Send Deregister NFInstance" category=Consumer component=UDM
time="2022-04-05T22:18:50+03:00" level=info msg="Handle NFDeregisterRequest" category=MGMT component=NRF
time="2022-04-05T22:18:51+03:00" level=info msg="| 204 |       127.0.0.1 | DELETE  | /nnrf-nfm/v1/nf-instances/a7c489b6-0506-4e24-88f1-9535c000f135 | " category=GIN component=NRF
time="2022-04-05T22:18:51+03:00" level=info msg="Deregister from NRF successfully" category=Init component=UDM
time="2022-04-05T22:18:51+03:00" level=info msg="UDM terminated" category=Init component=UDM
time="2022-04-05T22:20:22+03:00" level=info msg=n3iwf category=App component=N3IWF
time="2022-04-05T22:20:22+03:00" level=info msg="N3IWF version:  \n\tNot specify ldflags (which link version) during go build\n\tgo version: go1.14.4 linux/amd64" category=App component=N3IWF
time="2022-04-05T22:20:22+03:00" level=info msg="N3IWF Log level is set to [debug] level" category=Init component=N3IWF
time="2022-04-05T22:20:22+03:00" level=info msg="set log level : info" category=NGAP component=LIB
time="2022-04-05T22:20:22+03:00" level=info msg="set report call : false" category=NGAP component=LIB
time="2022-04-05T22:20:22+03:00" level=info msg="config version [1.0.0]" category=CFG component=N3IWF
time="2022-04-05T22:20:22+03:00" level=info msg="Server started" category=Init component=N3IWF
time="2022-04-05T22:20:22+03:00" level=warning msg="No private key file path specified, load default key file..." category=Context component=N3IWF
time="2022-04-05T22:20:22+03:00" level=warning msg="Parse PKCS8 private key failed: x509: failed to parse private key (use ParsePKCS1PrivateKey instead for this key format)" category=Context component=N3IWF
time="2022-04-05T22:20:22+03:00" level=info msg="Parse using PKCS1..." category=Context component=N3IWF
time="2022-04-05T22:20:22+03:00" level=warning msg="No certificate authority file path specified, load default CA certificate..." category=Context component=N3IWF
time="2022-04-05T22:20:22+03:00" level=warning msg="No certificate file path specified, load default certificate..." category=Context component=N3IWF
time="2022-04-05T22:20:35+03:00" level=info msg="SMF version:  \n\tNot specify ldflags (which link version) during go build\n\tgo version: go1.14.4 linux/amd64" category=App component=SMF
time="2022-04-05T22:20:35+03:00" level=info msg="SMF Log level is set to [info] level" category=Init component=SMF
time="2022-04-05T22:20:35+03:00" level=info msg="set log level : info" category=NAS component=LIB
time="2022-04-05T22:20:35+03:00" level=info msg="set report call : false" category=NAS component=LIB
time="2022-04-05T22:20:35+03:00" level=info msg="set log level : info" category=NGAP component=LIB
time="2022-04-05T22:20:35+03:00" level=info msg="set report call : false" category=NGAP component=LIB
time="2022-04-05T22:20:35+03:00" level=info msg="set log level : info" category=Aper component=LIB
time="2022-04-05T22:20:35+03:00" level=info msg="set report call : false" category=Aper component=LIB
time="2022-04-05T22:20:35+03:00" level=info msg="set log level : info" category=OAPI component=LIB
time="2022-04-05T22:20:35+03:00" level=info msg="set report call : false" category=OAPI component=LIB
time="2022-04-05T22:20:35+03:00" level=info msg="set log level : info" category=PFCP component=LIB
time="2022-04-05T22:20:35+03:00" level=info msg="set report call : false" category=PFCP component=LIB
time="2022-04-05T22:20:35+03:00" level=info msg="SMF config version [1.0.2]" category=CFG component=SMF
time="2022-04-05T22:20:35+03:00" level=info msg="UE-Routing config version [1.0.1]" category=CFG component=SMF
time="2022-04-05T22:20:35+03:00" level=info msg="smfconfig Info: Version[1.0.2] Description[SMF initial local configuration]" category=CTX component=SMF
time="2022-04-05T22:20:35+03:00" level=info msg="Endpoints: [127.0.0.8]" category=CTX component=SMF
time="2022-04-05T22:20:35+03:00" level=info msg="Server started" category=Init component=SMF
time="2022-04-05T22:20:35+03:00" level=info msg="Handle NFRegisterRequest" category=MGMT component=NRF
time="2022-04-05T22:20:35+03:00" level=info msg="urilist create" category=MGMT component=NRF
time="2022-04-05T22:20:35+03:00" level=info msg="Create NF Profile" category=MGMT component=NRF
time="2022-04-05T22:20:35+03:00" level=info msg="Location header:  http://127.0.0.10:8000/nnrf-nfm/v1/nf-instances/bb01b6bd-ad77-4a6b-9dbe-efccd836985d" category=MGMT component=NRF
time="2022-04-05T22:20:35+03:00" level=info msg="| 201 |       127.0.0.1 | PUT     | /nnrf-nfm/v1/nf-instances/bb01b6bd-ad77-4a6b-9dbe-efccd836985d | " category=GIN component=NRF
time="2022-04-05T22:20:35+03:00" level=info msg="SMF Registration to NRF {bb01b6bd-ad77-4a6b-9dbe-efccd836985d SMF REGISTERED 0 0xc000388220 0xc000388260 [] []   [127.0.0.2] [] <nil> [] [] <nil> 0 0 0 area1 <nil> <nil> <nil> <nil> 0xc000386180 <nil> <nil> <nil> <nil> <nil> map[] <nil> false 0xc0003880a0 false false []}" category=Init component=SMF
time="2022-04-05T22:20:35+03:00" level=info msg="Listen on 127.0.0.1:8805" category=PFCP component=SMF
time="2022-04-05T22:20:35+03:00" level=info msg="Send PFCP Association Request to UPF[127.0.0.8]\n" category=App component=SMF
time="2022-04-05T22:20:44+03:00" level=info msg="Remove Request Transaction [1]\n" category=PFCP component=LIB
time="2022-04-05T22:20:47+03:00" level=info msg="Terminating SMF..." category=Init component=SMF
time="2022-04-05T22:20:47+03:00" level=info msg="Send Deregister NFInstance" category=Consumer component=SMF
time="2022-04-05T22:20:47+03:00" level=info msg="Handle NFDeregisterRequest" category=MGMT component=NRF
time="2022-04-05T22:20:48+03:00" level=info msg="| 204 |       127.0.0.1 | DELETE  | /nnrf-nfm/v1/nf-instances/bb01b6bd-ad77-4a6b-9dbe-efccd836985d | " category=GIN component=NRF
time="2022-04-05T22:20:48+03:00" level=info msg="Deregister from NRF successfully" category=Init component=SMF
time="2022-04-05T23:10:17+03:00" level=info msg="Terminating NRF..." category=Init component=NRF
time="2022-04-05T23:10:17+03:00" level=info msg="NRF terminated" category=Init component=NRF
time="2022-04-08T14:59:00+03:00" level=info msg="NRF version:  \n\tNot specify ldflags (which link version) during go build\n\tgo version: go1.14.4 linux/amd64" category=App component=NRF
time="2022-04-08T14:59:00+03:00" level=info msg="NRF Log level is set to [info] level" category=Init component=NRF
time="2022-04-08T14:59:00+03:00" level=info msg="set log level : info" category=OAPI component=LIB
time="2022-04-08T14:59:00+03:00" level=info msg="set report call : false" category=OAPI component=LIB
time="2022-04-08T14:59:00+03:00" level=info msg="set log level : info" category=MonDB component=LIB
time="2022-04-08T14:59:00+03:00" level=info msg="set report call : false" category=MonDB component=LIB
time="2022-04-08T14:59:00+03:00" level=info msg="config version [1.0.0]" category=CFG component=NRF
time="2022-04-08T14:59:00+03:00" level=info msg="Server started" category=Init component=NRF
time="2022-04-08T14:59:00+03:00" level=info msg="nrfconfig Info: Version[1.0.0] Description[NRF initial local configuration]" category=Init component=NRF
time="2022-04-08T14:59:00+03:00" level=info msg="Binding addr: [0.0.0.0:8000]" category=Init component=NRF
time="2022-04-08T15:01:01+03:00" level=info msg="Terminating NRF..." category=Init component=NRF
time="2022-04-08T15:01:01+03:00" level=info msg="NRF terminated" category=Init component=NRF
time="2022-04-08T15:01:27+03:00" level=info msg="NRF version:  \n\tNot specify ldflags (which link version) during go build\n\tgo version: go1.14.4 linux/amd64" category=App component=NRF
time="2022-04-08T15:01:27+03:00" level=info msg="NRF Log level is set to [info] level" category=Init component=NRF
time="2022-04-08T15:01:27+03:00" level=info msg="set log level : info" category=OAPI component=LIB
time="2022-04-08T15:01:27+03:00" level=info msg="set report call : false" category=OAPI component=LIB
time="2022-04-08T15:01:27+03:00" level=info msg="set log level : info" category=MonDB component=LIB
time="2022-04-08T15:01:27+03:00" level=info msg="set report call : false" category=MonDB component=LIB
time="2022-04-08T15:01:27+03:00" level=info msg="config version [1.0.0]" category=CFG component=NRF
time="2022-04-08T15:01:27+03:00" level=info msg="Server started" category=Init component=NRF
time="2022-04-08T15:01:27+03:00" level=info msg="nrfconfig Info: Version[1.0.0] Description[NRF initial local configuration]" category=Init component=NRF
time="2022-04-08T15:01:27+03:00" level=info msg="Binding addr: [0.0.0.0:8000]" category=Init component=NRF
time="2022-04-08T15:01:36+03:00" level=info msg="Terminating NRF..." category=Init component=NRF
time="2022-04-08T15:01:36+03:00" level=info msg="NRF terminated" category=Init component=NRF
time="2022-04-08T15:01:44+03:00" level=info msg="NRF version:  \n\tNot specify ldflags (which link version) during go build\n\tgo version: go1.14.4 linux/amd64" category=App component=NRF
time="2022-04-08T15:01:44+03:00" level=info msg="NRF Log level is set to [info] level" category=Init component=NRF
time="2022-04-08T15:01:44+03:00" level=info msg="set log level : info" category=OAPI component=LIB
time="2022-04-08T15:01:44+03:00" level=info msg="set report call : false" category=OAPI component=LIB
time="2022-04-08T15:01:44+03:00" level=info msg="set log level : info" category=MonDB component=LIB
time="2022-04-08T15:01:44+03:00" level=info msg="set report call : false" category=MonDB component=LIB
time="2022-04-08T15:01:44+03:00" level=info msg="config version [1.0.0]" category=CFG component=NRF
time="2022-04-08T15:01:44+03:00" level=info msg="Server started" category=Init component=NRF
time="2022-04-08T15:01:44+03:00" level=info msg="nrfconfig Info: Version[1.0.0] Description[NRF initial local configuration]" category=Init component=NRF
time="2022-04-08T15:01:44+03:00" level=info msg="Binding addr: [0.0.0.0:8000]" category=Init component=NRF
time="2022-04-08T15:01:51+03:00" level=info msg="Terminating NRF..." category=Init component=NRF
time="2022-04-08T15:01:51+03:00" level=info msg="NRF terminated" category=Init component=NRF
time="2022-04-08T15:02:07+03:00" level=info msg="NRF version:  \n\tNot specify ldflags (which link version) during go build\n\tgo version: go1.14.4 linux/amd64" category=App component=NRF
time="2022-04-08T15:02:07+03:00" level=info msg="NRF Log level is set to [info] level" category=Init component=NRF
time="2022-04-08T15:02:07+03:00" level=info msg="set log level : info" category=OAPI component=LIB
time="2022-04-08T15:02:07+03:00" level=info msg="set report call : false" category=OAPI component=LIB
time="2022-04-08T15:02:07+03:00" level=info msg="set log level : info" category=MonDB component=LIB
time="2022-04-08T15:02:07+03:00" level=info msg="set report call : false" category=MonDB component=LIB
time="2022-04-08T15:02:07+03:00" level=info msg="config version [1.0.0]" category=CFG component=NRF
time="2022-04-08T15:02:07+03:00" level=info msg="Server started" category=Init component=NRF
time="2022-04-08T15:02:07+03:00" level=info msg="nrfconfig Info: Version[1.0.0] Description[NRF initial local configuration]" category=Init component=NRF
time="2022-04-08T15:02:07+03:00" level=info msg="Binding addr: [0.0.0.0:8000]" category=Init component=NRF
time="2022-04-08T15:02:24+03:00" level=info msg=amf category=App component=AMF
time="2022-04-08T15:02:24+03:00" level=info msg="AMF version:  \n\tNot specify ldflags (which link version) during go build\n\tgo version: go1.14.4 linux/amd64" category=App component=AMF
time="2022-04-08T15:02:24+03:00" level=info msg="AMF Log level is set to [info] level" category=Init component=AMF
time="2022-04-08T15:02:24+03:00" level=info msg="set log level : info" category=NAS component=LIB
time="2022-04-08T15:02:24+03:00" level=info msg="set report call : false" category=NAS component=LIB
time="2022-04-08T15:02:24+03:00" level=info msg="set log level : info" category=NGAP component=LIB
time="2022-04-08T15:02:24+03:00" level=info msg="set report call : false" category=NGAP component=LIB
time="2022-04-08T15:02:24+03:00" level=info msg="set log level : info" category=FSM component=LIB
time="2022-04-08T15:02:24+03:00" level=info msg="set report call : false" category=FSM component=LIB
time="2022-04-08T15:02:24+03:00" level=info msg="set log level : info" category=Aper component=LIB
time="2022-04-08T15:02:24+03:00" level=info msg="set report call : false" category=Aper component=LIB
time="2022-04-08T15:02:24+03:00" level=info msg="set log level : info" category=OAPI component=LIB
time="2022-04-08T15:02:24+03:00" level=info msg="set report call : false" category=OAPI component=LIB
time="2022-04-08T15:02:24+03:00" level=info msg="config version [1.0.2]" category=CFG component=AMF
time="2022-04-08T15:02:24+03:00" level=info msg="Server started" category=Init component=AMF
time="2022-04-08T15:02:24+03:00" level=info msg="amfconfig Info: Version[1.0.2] Description[AMF initial local configuration]" category=Util component=AMF
time="2022-04-08T15:02:24+03:00" level=error msg="Failed to listen: cannot assign requested address" category=NGAP component=AMF
time="2022-04-08T15:04:15+03:00" level=info msg="Terminating NRF..." category=Init component=NRF
time="2022-04-08T15:04:15+03:00" level=info msg="NRF terminated" category=Init component=NRF
time="2022-04-08T17:36:36+03:00" level=info msg="NRF version:  \n\tNot specify ldflags (which link version) during go build\n\tgo version: go1.14.4 linux/amd64" category=App component=NRF
time="2022-04-08T17:36:36+03:00" level=info msg="NRF Log level is set to [info] level" category=Init component=NRF
time="2022-04-08T17:36:36+03:00" level=info msg="set log level : info" category=OAPI component=LIB
time="2022-04-08T17:36:36+03:00" level=info msg="set report call : false" category=OAPI component=LIB
time="2022-04-08T17:36:36+03:00" level=info msg="set log level : info" category=MonDB component=LIB
time="2022-04-08T17:36:36+03:00" level=info msg="set report call : false" category=MonDB component=LIB
time="2022-04-08T17:36:36+03:00" level=info msg="config version [1.0.0]" category=CFG component=NRF
time="2022-04-08T17:36:36+03:00" level=info msg="Server started" category=Init component=NRF
time="2022-04-08T17:36:36+03:00" level=info msg="nrfconfig Info: Version[1.0.0] Description[NRF initial local configuration]" category=Init component=NRF
time="2022-04-08T17:36:36+03:00" level=info msg="Binding addr: [0.0.0.0:29510]" category=Init component=NRF
time="2022-04-08T17:37:05+03:00" level=info msg=amf category=App component=AMF
time="2022-04-08T17:37:05+03:00" level=info msg="AMF version:  \n\tNot specify ldflags (which link version) during go build\n\tgo version: go1.14.4 linux/amd64" category=App component=AMF
time="2022-04-08T17:37:05+03:00" level=info msg="AMF Log level is set to [info] level" category=Init component=AMF
time="2022-04-08T17:37:05+03:00" level=info msg="set log level : info" category=NAS component=LIB
time="2022-04-08T17:37:05+03:00" level=info msg="set report call : false" category=NAS component=LIB
time="2022-04-08T17:37:05+03:00" level=info msg="set log level : info" category=NGAP component=LIB
time="2022-04-08T17:37:05+03:00" level=info msg="set report call : false" category=NGAP component=LIB
time="2022-04-08T17:37:05+03:00" level=info msg="set log level : info" category=FSM component=LIB
time="2022-04-08T17:37:05+03:00" level=info msg="set report call : false" category=FSM component=LIB
time="2022-04-08T17:37:05+03:00" level=info msg="set log level : info" category=Aper component=LIB
time="2022-04-08T17:37:05+03:00" level=info msg="set report call : false" category=Aper component=LIB
time="2022-04-08T17:37:05+03:00" level=info msg="set log level : info" category=OAPI component=LIB
time="2022-04-08T17:37:05+03:00" level=info msg="set report call : false" category=OAPI component=LIB
time="2022-04-08T17:37:05+03:00" level=info msg="config version [1.0.2]" category=CFG component=AMF
time="2022-04-08T17:37:05+03:00" level=info msg="Server started" category=Init component=AMF
time="2022-04-08T17:37:05+03:00" level=info msg="amfconfig Info: Version[1.0.2] Description[AMF initial local configuration]" category=Util component=AMF
time="2022-04-08T17:37:05+03:00" level=error msg="Failed to listen: cannot assign requested address" category=NGAP component=AMF
time="2022-04-08T17:41:37+03:00" level=info msg="Terminating NRF..." category=Init component=NRF
time="2022-04-08T17:41:37+03:00" level=info msg="NRF terminated" category=Init component=NRF
time="2022-04-08T17:42:48+03:00" level=info msg="NRF version:  \n\tNot specify ldflags (which link version) during go build\n\tgo version: go1.14.4 linux/amd64" category=App component=NRF
time="2022-04-08T17:42:48+03:00" level=error msg="open ../config/nrfcfg.yaml: no such file or directory" category=CFG component=NRF
time="2022-04-08T17:42:48+03:00" level=error msg="NRF Run Error: Failed to initialize !!" category=App component=NRF
time="2022-04-08T17:42:55+03:00" level=info msg="NRF version:  \n\tNot specify ldflags (which link version) during go build\n\tgo version: go1.14.4 linux/amd64" category=App component=NRF
time="2022-04-08T17:42:55+03:00" level=info msg="NRF Log level is set to [info] level" category=Init component=NRF
time="2022-04-08T17:42:55+03:00" level=info msg="set log level : info" category=OAPI component=LIB
time="2022-04-08T17:42:55+03:00" level=info msg="set report call : false" category=OAPI component=LIB
time="2022-04-08T17:42:55+03:00" level=info msg="set log level : info" category=MonDB component=LIB
time="2022-04-08T17:42:55+03:00" level=info msg="set report call : false" category=MonDB component=LIB
time="2022-04-08T17:42:55+03:00" level=info msg="config version [1.0.0]" category=CFG component=NRF
time="2022-04-08T17:42:55+03:00" level=info msg="Server started" category=Init component=NRF
time="2022-04-08T17:42:55+03:00" level=info msg="nrfconfig Info: Version[1.0.0] Description[NRF initial local configuration]" category=Init component=NRF
time="2022-04-08T17:42:55+03:00" level=info msg="Binding addr: [0.0.0.0:29510]" category=Init component=NRF
time="2022-04-08T17:43:37+03:00" level=info msg=amf category=App component=AMF
time="2022-04-08T17:43:37+03:00" level=info msg="AMF version:  \n\tNot specify ldflags (which link version) during go build\n\tgo version: go1.14.4 linux/amd64" category=App component=AMF
time="2022-04-08T17:43:37+03:00" level=info msg="AMF Log level is set to [info] level" category=Init component=AMF
time="2022-04-08T17:43:37+03:00" level=info msg="set log level : info" category=NAS component=LIB
time="2022-04-08T17:43:37+03:00" level=info msg="set report call : false" category=NAS component=LIB
time="2022-04-08T17:43:37+03:00" level=info msg="set log level : info" category=NGAP component=LIB
time="2022-04-08T17:43:37+03:00" level=info msg="set report call : false" category=NGAP component=LIB
time="2022-04-08T17:43:37+03:00" level=info msg="set log level : info" category=FSM component=LIB
time="2022-04-08T17:43:37+03:00" level=info msg="set report call : false" category=FSM component=LIB
time="2022-04-08T17:43:37+03:00" level=info msg="set log level : info" category=Aper component=LIB
time="2022-04-08T17:43:37+03:00" level=info msg="set report call : false" category=Aper component=LIB
time="2022-04-08T17:43:37+03:00" level=info msg="set log level : info" category=OAPI component=LIB
time="2022-04-08T17:43:37+03:00" level=info msg="set report call : false" category=OAPI component=LIB
time="2022-04-08T17:43:37+03:00" level=info msg="config version [1.0.2]" category=CFG component=AMF
time="2022-04-08T17:43:37+03:00" level=info msg="Server started" category=Init component=AMF
time="2022-04-08T17:43:37+03:00" level=info msg="amfconfig Info: Version[1.0.2] Description[AMF initial local configuration]" category=Util component=AMF
time="2022-04-08T17:43:37+03:00" level=error msg="Failed to listen: cannot assign requested address" category=NGAP component=AMF
time="2022-04-08T17:45:00+03:00" level=info msg=amf category=App component=AMF
time="2022-04-08T17:45:00+03:00" level=info msg="AMF version:  \n\tNot specify ldflags (which link version) during go build\n\tgo version: go1.14.4 linux/amd64" category=App component=AMF
time="2022-04-08T17:45:00+03:00" level=info msg="AMF Log level is set to [info] level" category=Init component=AMF
time="2022-04-08T17:45:00+03:00" level=info msg="set log level : info" category=NAS component=LIB
time="2022-04-08T17:45:00+03:00" level=info msg="set report call : false" category=NAS component=LIB
time="2022-04-08T17:45:00+03:00" level=info msg="set log level : info" category=NGAP component=LIB
time="2022-04-08T17:45:00+03:00" level=info msg="set report call : false" category=NGAP component=LIB
time="2022-04-08T17:45:00+03:00" level=info msg="set log level : info" category=FSM component=LIB
time="2022-04-08T17:45:00+03:00" level=info msg="set report call : false" category=FSM component=LIB
time="2022-04-08T17:45:00+03:00" level=info msg="set log level : info" category=Aper component=LIB
time="2022-04-08T17:45:00+03:00" level=info msg="set report call : false" category=Aper component=LIB
time="2022-04-08T17:45:00+03:00" level=info msg="set log level : info" category=OAPI component=LIB
time="2022-04-08T17:45:00+03:00" level=info msg="set report call : false" category=OAPI component=LIB
time="2022-04-08T17:45:00+03:00" level=info msg="config version [1.0.2]" category=CFG component=AMF
time="2022-04-08T17:45:00+03:00" level=info msg="Server started" category=Init component=AMF
time="2022-04-08T17:45:00+03:00" level=info msg="amfconfig Info: Version[1.0.2] Description[AMF initial local configuration]" category=Util component=AMF
time="2022-04-08T17:45:00+03:00" level=error msg="Failed to listen: cannot assign requested address" category=NGAP component=AMF
time="2022-04-08T17:47:38+03:00" level=info msg="Terminating NRF..." category=Init component=NRF
time="2022-04-08T17:47:38+03:00" level=info msg="NRF terminated" category=Init component=NRF
time="2022-04-08T17:49:41+03:00" level=info msg="NRF version:  \n\tNot specify ldflags (which link version) during go build\n\tgo version: go1.14.4 linux/amd64" category=App component=NRF
time="2022-04-08T17:49:41+03:00" level=info msg="NRF Log level is set to [info] level" category=Init component=NRF
time="2022-04-08T17:49:41+03:00" level=info msg="set log level : info" category=OAPI component=LIB
time="2022-04-08T17:49:41+03:00" level=info msg="set report call : false" category=OAPI component=LIB
time="2022-04-08T17:49:41+03:00" level=info msg="set log level : info" category=MonDB component=LIB
time="2022-04-08T17:49:41+03:00" level=info msg="set report call : false" category=MonDB component=LIB
time="2022-04-08T17:49:41+03:00" level=info msg="config version [1.0.0]" category=CFG component=NRF
time="2022-04-08T17:49:41+03:00" level=info msg="Server started" category=Init component=NRF
time="2022-04-08T17:49:41+03:00" level=info msg="nrfconfig Info: Version[1.0.0] Description[NRF initial local configuration]" category=Init component=NRF
time="2022-04-08T17:49:41+03:00" level=info msg="Binding addr: [0.0.0.0:29510]" category=Init component=NRF
time="2022-04-08T17:49:46+03:00" level=info msg=amf category=App component=AMF
time="2022-04-08T17:49:46+03:00" level=info msg="AMF version:  \n\tNot specify ldflags (which link version) during go build\n\tgo version: go1.14.4 linux/amd64" category=App component=AMF
time="2022-04-08T17:49:46+03:00" level=info msg="AMF Log level is set to [info] level" category=Init component=AMF
time="2022-04-08T17:49:46+03:00" level=info msg="set log level : info" category=NAS component=LIB
time="2022-04-08T17:49:46+03:00" level=info msg="set report call : false" category=NAS component=LIB
time="2022-04-08T17:49:46+03:00" level=info msg="set log level : info" category=NGAP component=LIB
time="2022-04-08T17:49:46+03:00" level=info msg="set report call : false" category=NGAP component=LIB
time="2022-04-08T17:49:46+03:00" level=info msg="set log level : info" category=FSM component=LIB
time="2022-04-08T17:49:46+03:00" level=info msg="set report call : false" category=FSM component=LIB
time="2022-04-08T17:49:46+03:00" level=info msg="set log level : info" category=Aper component=LIB
time="2022-04-08T17:49:46+03:00" level=info msg="set report call : false" category=Aper component=LIB
time="2022-04-08T17:49:46+03:00" level=info msg="set log level : info" category=OAPI component=LIB
time="2022-04-08T17:49:46+03:00" level=info msg="set report call : false" category=OAPI component=LIB
time="2022-04-08T17:49:46+03:00" level=info msg="config version [1.0.2]" category=CFG component=AMF
time="2022-04-08T17:49:46+03:00" level=info msg="Server started" category=Init component=AMF
time="2022-04-08T17:49:46+03:00" level=info msg="amfconfig Info: Version[1.0.2] Description[AMF initial local configuration]" category=Util component=AMF
time="2022-04-08T17:49:46+03:00" level=error msg="Failed to listen: cannot assign requested address" category=NGAP component=AMF
time="2022-04-08T17:50:31+03:00" level=info msg=amf category=App component=AMF
time="2022-04-08T17:50:31+03:00" level=info msg="AMF version:  \n\tNot specify ldflags (which link version) during go build\n\tgo version: go1.14.4 linux/amd64" category=App component=AMF
time="2022-04-08T17:50:31+03:00" level=info msg="AMF Log level is set to [info] level" category=Init component=AMF
time="2022-04-08T17:50:31+03:00" level=info msg="set log level : info" category=NAS component=LIB
time="2022-04-08T17:50:31+03:00" level=info msg="set report call : false" category=NAS component=LIB
time="2022-04-08T17:50:31+03:00" level=info msg="set log level : info" category=NGAP component=LIB
time="2022-04-08T17:50:31+03:00" level=info msg="set report call : false" category=NGAP component=LIB
time="2022-04-08T17:50:31+03:00" level=info msg="set log level : info" category=FSM component=LIB
time="2022-04-08T17:50:31+03:00" level=info msg="set report call : false" category=FSM component=LIB
time="2022-04-08T17:50:31+03:00" level=info msg="set log level : info" category=Aper component=LIB
time="2022-04-08T17:50:31+03:00" level=info msg="set report call : false" category=Aper component=LIB
time="2022-04-08T17:50:31+03:00" level=info msg="set log level : info" category=OAPI component=LIB
time="2022-04-08T17:50:31+03:00" level=info msg="set report call : false" category=OAPI component=LIB
time="2022-04-08T17:50:31+03:00" level=info msg="config version [1.0.2]" category=CFG component=AMF
time="2022-04-08T17:50:31+03:00" level=info msg="Server started" category=Init component=AMF
time="2022-04-08T17:50:31+03:00" level=info msg="amfconfig Info: Version[1.0.2] Description[AMF initial local configuration]" category=Util component=AMF
time="2022-04-08T17:50:31+03:00" level=error msg="Failed to listen: cannot assign requested address" category=NGAP component=AMF
time="2022-04-08T17:50:31+03:00" level=info msg="Handle NFRegisterRequest" category=MGMT component=NRF
time="2022-04-08T17:50:31+03:00" level=info msg="urilist create" category=MGMT component=NRF
time="2022-04-08T17:50:31+03:00" level=info msg="Create NF Profile" category=MGMT component=NRF
time="2022-04-08T17:50:31+03:00" level=fatal msg="(Unauthorized) command find requires authentication" category=MonDB component=LIB
time="2022-04-08T17:51:35+03:00" level=info msg="NRF version:  \n\tNot specify ldflags (which link version) during go build\n\tgo version: go1.14.4 linux/amd64" category=App component=NRF
time="2022-04-08T17:51:35+03:00" level=info msg="NRF Log level is set to [info] level" category=Init component=NRF
time="2022-04-08T17:51:35+03:00" level=info msg="set log level : info" category=OAPI component=LIB
time="2022-04-08T17:51:35+03:00" level=info msg="set report call : false" category=OAPI component=LIB
time="2022-04-08T17:51:35+03:00" level=info msg="set log level : info" category=MonDB component=LIB
time="2022-04-08T17:51:35+03:00" level=info msg="set report call : false" category=MonDB component=LIB
time="2022-04-08T17:51:35+03:00" level=info msg="config version [1.0.0]" category=CFG component=NRF
time="2022-04-08T17:51:35+03:00" level=info msg="Server started" category=Init component=NRF
time="2022-04-08T17:51:35+03:00" level=info msg="nrfconfig Info: Version[1.0.0] Description[NRF initial local configuration]" category=Init component=NRF
time="2022-04-08T17:51:35+03:00" level=info msg="Binding addr: [0.0.0.0:29510]" category=Init component=NRF
time="2022-04-08T17:51:48+03:00" level=info msg=amf category=App component=AMF
time="2022-04-08T17:51:48+03:00" level=info msg="AMF version:  \n\tNot specify ldflags (which link version) during go build\n\tgo version: go1.14.4 linux/amd64" category=App component=AMF
time="2022-04-08T17:51:48+03:00" level=info msg="AMF Log level is set to [info] level" category=Init component=AMF
time="2022-04-08T17:51:48+03:00" level=info msg="set log level : info" category=NAS component=LIB
time="2022-04-08T17:51:48+03:00" level=info msg="set report call : false" category=NAS component=LIB
time="2022-04-08T17:51:48+03:00" level=info msg="set log level : info" category=NGAP component=LIB
time="2022-04-08T17:51:48+03:00" level=info msg="set report call : false" category=NGAP component=LIB
time="2022-04-08T17:51:48+03:00" level=info msg="set log level : info" category=FSM component=LIB
time="2022-04-08T17:51:48+03:00" level=info msg="set report call : false" category=FSM component=LIB
time="2022-04-08T17:51:48+03:00" level=info msg="set log level : info" category=Aper component=LIB
time="2022-04-08T17:51:48+03:00" level=info msg="set report call : false" category=Aper component=LIB
time="2022-04-08T17:51:48+03:00" level=info msg="set log level : info" category=OAPI component=LIB
time="2022-04-08T17:51:48+03:00" level=info msg="set report call : false" category=OAPI component=LIB
time="2022-04-08T17:51:48+03:00" level=info msg="config version [1.0.2]" category=CFG component=AMF
time="2022-04-08T17:51:48+03:00" level=info msg="Server started" category=Init component=AMF
time="2022-04-08T17:51:48+03:00" level=info msg="amfconfig Info: Version[1.0.2] Description[AMF initial local configuration]" category=Util component=AMF
time="2022-04-08T17:51:48+03:00" level=error msg="Failed to listen: cannot assign requested address" category=NGAP component=AMF
time="2022-04-08T17:54:23+03:00" level=info msg="Terminating NRF..." category=Init component=NRF
time="2022-04-08T17:54:23+03:00" level=info msg="NRF terminated" category=Init component=NRF
