time="2022-04-05T22:12:26+03:00" level=info msg=amf category=App component=AMF
time="2022-04-05T22:12:26+03:00" level=info msg="AMF version:  \n\tNot specify ldflags (which link version) during go build\n\tgo version: go1.14.4 linux/amd64" category=App component=AMF
time="2022-04-05T22:12:26+03:00" level=info msg="AMF Log level is set to [info] level" category=Init component=AMF
time="2022-04-05T22:12:26+03:00" level=info msg="config version [1.0.2]" category=CFG component=AMF
time="2022-04-05T22:12:26+03:00" level=info msg="Server started" category=Init component=AMF
time="2022-04-05T22:12:26+03:00" level=info msg="amfconfig Info: Version[1.0.2] Description[AMF initial local configuration]" category=Util component=AMF
time="2022-04-05T22:12:26+03:00" level=info msg="Listen on 127.0.0.1:38412" category=NGAP component=AMF
time="2022-04-05T22:12:35+03:00" level=info msg="Terminating AMF..." category=Init component=AMF
time="2022-04-05T22:12:35+03:00" level=info msg="[AMF] Send Deregister NFInstance" category=Consumer component=AMF
time="2022-04-05T22:12:36+03:00" level=info msg="[AMF] Deregister from NRF successfully" category=Init component=AMF
time="2022-04-05T22:12:36+03:00" level=info msg="Send AMF Status Indication to Notify RANs due to AMF terminating" category=Init component=AMF
time="2022-04-05T22:12:36+03:00" level=info msg="Close SCTP server..." category=NGAP component=AMF
time="2022-04-05T22:12:36+03:00" level=info msg="SCTP server closed" category=NGAP component=AMF
time="2022-04-05T22:12:36+03:00" level=info msg="AMF terminated" category=Init component=AMF
time="2022-04-08T15:02:24+03:00" level=info msg=amf category=App component=AMF
time="2022-04-08T15:02:24+03:00" level=info msg="AMF version:  \n\tNot specify ldflags (which link version) during go build\n\tgo version: go1.14.4 linux/amd64" category=App component=AMF
time="2022-04-08T15:02:24+03:00" level=info msg="AMF Log level is set to [info] level" category=Init component=AMF
time="2022-04-08T15:02:24+03:00" level=info msg="config version [1.0.2]" category=CFG component=AMF
time="2022-04-08T15:02:24+03:00" level=info msg="Server started" category=Init component=AMF
time="2022-04-08T15:02:24+03:00" level=info msg="amfconfig Info: Version[1.0.2] Description[AMF initial local configuration]" category=Util component=AMF
time="2022-04-08T15:02:24+03:00" level=error msg="Failed to listen: cannot assign requested address" category=NGAP component=AMF
time="2022-04-08T17:37:05+03:00" level=info msg=amf category=App component=AMF
time="2022-04-08T17:37:05+03:00" level=info msg="AMF version:  \n\tNot specify ldflags (which link version) during go build\n\tgo version: go1.14.4 linux/amd64" category=App component=AMF
time="2022-04-08T17:37:05+03:00" level=info msg="AMF Log level is set to [info] level" category=Init component=AMF
time="2022-04-08T17:37:05+03:00" level=info msg="config version [1.0.2]" category=CFG component=AMF
time="2022-04-08T17:37:05+03:00" level=info msg="Server started" category=Init component=AMF
time="2022-04-08T17:37:05+03:00" level=info msg="amfconfig Info: Version[1.0.2] Description[AMF initial local configuration]" category=Util component=AMF
time="2022-04-08T17:37:05+03:00" level=error msg="Failed to listen: cannot assign requested address" category=NGAP component=AMF
time="2022-04-08T17:43:37+03:00" level=info msg=amf category=App component=AMF
time="2022-04-08T17:43:37+03:00" level=info msg="AMF version:  \n\tNot specify ldflags (which link version) during go build\n\tgo version: go1.14.4 linux/amd64" category=App component=AMF
time="2022-04-08T17:43:37+03:00" level=info msg="AMF Log level is set to [info] level" category=Init component=AMF
time="2022-04-08T17:43:37+03:00" level=info msg="config version [1.0.2]" category=CFG component=AMF
time="2022-04-08T17:43:37+03:00" level=info msg="Server started" category=Init component=AMF
time="2022-04-08T17:43:37+03:00" level=info msg="amfconfig Info: Version[1.0.2] Description[AMF initial local configuration]" category=Util component=AMF
time="2022-04-08T17:43:37+03:00" level=error msg="Failed to listen: cannot assign requested address" category=NGAP component=AMF
time="2022-04-08T17:45:00+03:00" level=info msg=amf category=App component=AMF
time="2022-04-08T17:45:00+03:00" level=info msg="AMF version:  \n\tNot specify ldflags (which link version) during go build\n\tgo version: go1.14.4 linux/amd64" category=App component=AMF
time="2022-04-08T17:45:00+03:00" level=info msg="AMF Log level is set to [info] level" category=Init component=AMF
time="2022-04-08T17:45:00+03:00" level=info msg="config version [1.0.2]" category=CFG component=AMF
time="2022-04-08T17:45:00+03:00" level=info msg="Server started" category=Init component=AMF
time="2022-04-08T17:45:00+03:00" level=info msg="amfconfig Info: Version[1.0.2] Description[AMF initial local configuration]" category=Util component=AMF
time="2022-04-08T17:45:00+03:00" level=error msg="Failed to listen: cannot assign requested address" category=NGAP component=AMF
time="2022-04-08T17:49:46+03:00" level=info msg=amf category=App component=AMF
time="2022-04-08T17:49:46+03:00" level=info msg="AMF version:  \n\tNot specify ldflags (which link version) during go build\n\tgo version: go1.14.4 linux/amd64" category=App component=AMF
time="2022-04-08T17:49:46+03:00" level=info msg="AMF Log level is set to [info] level" category=Init component=AMF
time="2022-04-08T17:49:46+03:00" level=info msg="config version [1.0.2]" category=CFG component=AMF
time="2022-04-08T17:49:46+03:00" level=info msg="Server started" category=Init component=AMF
time="2022-04-08T17:49:46+03:00" level=info msg="amfconfig Info: Version[1.0.2] Description[AMF initial local configuration]" category=Util component=AMF
time="2022-04-08T17:49:46+03:00" level=error msg="Failed to listen: cannot assign requested address" category=NGAP component=AMF
time="2022-04-08T17:50:31+03:00" level=info msg=amf category=App component=AMF
time="2022-04-08T17:50:31+03:00" level=info msg="AMF version:  \n\tNot specify ldflags (which link version) during go build\n\tgo version: go1.14.4 linux/amd64" category=App component=AMF
time="2022-04-08T17:50:31+03:00" level=info msg="AMF Log level is set to [info] level" category=Init component=AMF
time="2022-04-08T17:50:31+03:00" level=info msg="config version [1.0.2]" category=CFG component=AMF
time="2022-04-08T17:50:31+03:00" level=info msg="Server started" category=Init component=AMF
time="2022-04-08T17:50:31+03:00" level=info msg="amfconfig Info: Version[1.0.2] Description[AMF initial local configuration]" category=Util component=AMF
time="2022-04-08T17:50:31+03:00" level=error msg="Failed to listen: cannot assign requested address" category=NGAP component=AMF
time="2022-04-08T17:51:48+03:00" level=info msg=amf category=App component=AMF
time="2022-04-08T17:51:48+03:00" level=info msg="AMF version:  \n\tNot specify ldflags (which link version) during go build\n\tgo version: go1.14.4 linux/amd64" category=App component=AMF
time="2022-04-08T17:51:48+03:00" level=info msg="AMF Log level is set to [info] level" category=Init component=AMF
time="2022-04-08T17:51:48+03:00" level=info msg="config version [1.0.2]" category=CFG component=AMF
time="2022-04-08T17:51:48+03:00" level=info msg="Server started" category=Init component=AMF
time="2022-04-08T17:51:48+03:00" level=info msg="amfconfig Info: Version[1.0.2] Description[AMF initial local configuration]" category=Util component=AMF
time="2022-04-08T17:51:48+03:00" level=error msg="Failed to listen: cannot assign requested address" category=NGAP component=AMF
